# JRE version: OpenJDK Runtime Environment (11.0.15) (build 11.0.15+0-b2043.56-9505619)
# Java VM: OpenJDK 64-Bit Server VM (11.0.15+0-b2043.56-9505619, mixed mode, tiered, compressed oops, g1 gc, windows-amd64)
Heap:
 garbage-first heap   total 327680K, used 186641K [0x0000000080000000, 0x0000000100000000)
  region size 1024K, 2 young (2048K), 2 survivors (2048K)
 Metaspace       used 113232K, capacity 115988K, committed 116232K, reserved 1150976K
  class space    used 14217K, capacity 15327K, committed 15360K, reserved 1048576K
GC Heap History (20 events):
Event: 41.158 GC heap after
{Heap after GC invocations=47 (full 0):
 garbage-first heap   total 226304K, used 118051K [0x0000000080000000, 0x0000000100000000)
  region size 1024K, 4 young (4096K), 4 survivors (4096K)
 Metaspace       used 103688K, capacity 106285K, committed 106632K, reserved 1142784K
  class space    used 13017K, capacity 14056K, committed 14208K, reserved 1048576K
}
Event: 43.782 GC heap before
{Heap before GC invocations=48 (full 0):
 garbage-first heap   total 226304K, used 167203K [0x0000000080000000, 0x0000000100000000)
  region size 1024K, 52 young (53248K), 4 survivors (4096K)
 Metaspace       used 105419K, capacity 108184K, committed 108296K, reserved 1142784K
  class space    used 13211K, capacity 14288K, committed 14336K, reserved 1048576K
}
Event: 43.796 GC heap after
{Heap after GC invocations=49 (full 0):
 garbage-first heap   total 226304K, used 120208K [0x0000000080000000, 0x0000000100000000)
  region size 1024K, 7 young (7168K), 7 survivors (7168K)
 Metaspace       used 105419K, capacity 108184K, committed 108296K, reserved 1142784K
  class space    used 13211K, capacity 14288K, committed 14336K, reserved 1048576K
}
Event: 43.867 GC heap before
{Heap before GC invocations=49 (full 0):
 garbage-first heap   total 226304K, used 124304K [0x0000000080000000, 0x0000000100000000)
  region size 1024K, 11 young (11264K), 7 survivors (7168K)
 Metaspace       used 105453K, capacity 108197K, committed 108296K, reserved 1142784K
  class space    used 13214K, capacity 14290K, committed 14336K, reserved 1048576K
}
Event: 43.883 GC heap after
{Heap after GC invocations=50 (full 0):
 garbage-first heap   total 272384K, used 107289K [0x0000000080000000, 0x0000000100000000)
  region size 1024K, 2 young (2048K), 2 survivors (2048K)
 Metaspace       used 105453K, capacity 108197K, committed 108296K, reserved 1142784K
  class space    used 13214K, capacity 14290K, committed 14336K, reserved 1048576K
}
Event: 45.250 GC heap before
{Heap before GC invocations=50 (full 0):
 garbage-first heap   total 272384K, used 181017K [0x0000000080000000, 0x0000000100000000)
  region size 1024K, 75 young (76800K), 2 survivors (2048K)
 Metaspace       used 107088K, capacity 109814K, committed 110088K, reserved 1144832K
  class space    used 13417K, capacity 14495K, committed 14592K, reserved 1048576K
}
Event: 45.259 GC heap after
{Heap after GC invocations=51 (full 0):
 garbage-first heap   total 272384K, used 109659K [0x0000000080000000, 0x0000000100000000)
  region size 1024K, 4 young (4096K), 4 survivors (4096K)
 Metaspace       used 107088K, capacity 109814K, committed 110088K, reserved 1144832K
  class space    used 13417K, capacity 14495K, committed 14592K, reserved 1048576K
}
Event: 47.155 GC heap before
{Heap before GC invocations=51 (full 0):
 garbage-first heap   total 272384K, used 202843K [0x0000000080000000, 0x0000000100000000)
  region size 1024K, 87 young (89088K), 4 survivors (4096K)
 Metaspace       used 110069K, capacity 112846K, committed 113032K, reserved 1146880K
  class space    used 13765K, capacity 14874K, committed 14976K, reserved 1048576K
}
Event: 47.167 GC heap after
{Heap after GC invocations=52 (full 0):
 garbage-first heap   total 272384K, used 123191K [0x0000000080000000, 0x0000000100000000)
  region size 1024K, 8 young (8192K), 8 survivors (8192K)
 Metaspace       used 110069K, capacity 112846K, committed 113032K, reserved 1146880K
  class space    used 13765K, capacity 14874K, committed 14976K, reserved 1048576K
}
Event: 48.004 GC heap before
{Heap before GC invocations=52 (full 0):
 garbage-first heap   total 272384K, used 198967K [0x0000000080000000, 0x0000000100000000)
  region size 1024K, 39 young (39936K), 8 survivors (8192K)
 Metaspace       used 112947K, capacity 115756K, committed 115976K, reserved 1150976K
  class space    used 14174K, capacity 15293K, committed 15360K, reserved 1048576K
}
Event: 48.041 GC heap after
{Heap after GC invocations=53 (full 0):
 garbage-first heap   total 272384K, used 161291K [0x0000000080000000, 0x0000000100000000)
  region size 1024K, 11 young (11264K), 11 survivors (11264K)
 Metaspace       used 112947K, capacity 115756K, committed 115976K, reserved 1150976K
  class space    used 14174K, capacity 15293K, committed 15360K, reserved 1048576K
}
Event: 48.073 GC heap before
{Heap before GC invocations=53 (full 0):
 garbage-first heap   total 272384K, used 173579K [0x0000000080000000, 0x0000000100000000)
  region size 1024K, 13 young (13312K), 11 survivors (11264K)
 Metaspace       used 112952K, capacity 115756K, committed 115976K, reserved 1150976K
  class space    used 14175K, capacity 15293K, committed 15360K, reserved 1048576K
}
Event: 48.096 GC heap after
{Heap after GC invocations=54 (full 0):
 garbage-first heap   total 272384K, used 164612K [0x0000000080000000, 0x0000000100000000)
  region size 1024K, 2 young (2048K), 2 survivors (2048K)
 Metaspace       used 112952K, capacity 115756K, committed 115976K, reserved 1150976K
  class space    used 14175K, capacity 15293K, committed 15360K, reserved 1048576K
}
Event: 48.373 GC heap before
{Heap before GC invocations=54 (full 0):
 garbage-first heap   total 272384K, used 176900K [0x0000000080000000, 0x0000000100000000)
  region size 1024K, 13 young (13312K), 2 survivors (2048K)
 Metaspace       used 113228K, capacity 115987K, committed 116232K, reserved 1150976K
  class space    used 14217K, capacity 15327K, committed 15360K, reserved 1048576K
}
Event: 48.384 GC heap after
{Heap after GC invocations=55 (full 0):
 garbage-first heap   total 272384K, used 169666K [0x0000000080000000, 0x0000000100000000)
  region size 1024K, 2 young (2048K), 2 survivors (2048K)
 Metaspace       used 113228K, capacity 115987K, committed 116232K, reserved 1150976K
  class space    used 14217K, capacity 15327K, committed 15360K, reserved 1048576K
}
Event: 48.548 GC heap before
{Heap before GC invocations=56 (full 0):
 garbage-first heap   total 272384K, used 179906K [0x0000000080000000, 0x0000000100000000)
  region size 1024K, 13 young (13312K), 2 survivors (2048K)
 Metaspace       used 113232K, capacity 115988K, committed 116232K, reserved 1150976K
  class space    used 14217K, capacity 15327K, committed 15360K, reserved 1048576K
}
Event: 48.562 GC heap after
{Heap after GC invocations=57 (full 0):
 garbage-first heap   total 272384K, used 176300K [0x0000000080000000, 0x0000000100000000)
  region size 1024K, 2 young (2048K), 2 survivors (2048K)
 Metaspace       used 113232K, capacity 115988K, committed 116232K, reserved 1150976K
  class space    used 14217K, capacity 15327K, committed 15360K, reserved 1048576K
}
Event: 48.679 GC heap before
{Heap before GC invocations=57 (full 0):
 garbage-first heap   total 272384K, used 187564K [0x0000000080000000, 0x0000000100000000)
  region size 1024K, 13 young (13312K), 2 survivors (2048K)
 Metaspace       used 113232K, capacity 115988K, committed 116232K, reserved 1150976K
  class space    used 14217K, capacity 15327K, committed 15360K, reserved 1048576K
}
Event: 48.699 GC heap after
{Heap after GC invocations=58 (full 0):
 garbage-first heap   total 272384K, used 180402K [0x0000000080000000, 0x0000000100000000)
  region size 1024K, 2 young (2048K), 2 survivors (2048K)
 Metaspace       used 113232K, capacity 115988K, committed 116232K, reserved 1150976K
  class space    used 14217K, capacity 15327K, committed 15360K, reserved 1048576K
}
Event: 48.802 GC heap before
{Heap before GC invocations=58 (full 0):
 garbage-first heap   total 272384K, used 191666K [0x0000000080000000, 0x0000000100000000)
  region size 1024K, 13 young (13312K), 2 survivors (2048K)
 Metaspace       used 113232K, capacity 115988K, committed 116232K, reserved 1150976K
  class space    used 14217K, capacity 15327K, committed 15360K, reserved 1048576K
}

